app/build/intermediates/manifest_merge_blame_file/debug/manifest-merger-blame-debug-report.txt
1<?xml version="1.0" encoding="utf-8"?>
2<manifest xmlns:android="http://schemas.android.com/apk/res/android"
3    package="com.example.splityourbillsandroid"
4    android:versionCode="1"
5    android:versionName="1.0" >
6
7    <uses-sdk
8        android:minSdkVersion="26"
8-->src/main/AndroidManifest.xml
9        android:targetSdkVersion="32" />
9-->src/main/AndroidManifest.xml
10
11    <uses-permission android:name="android.permission.INTERNET" />
11-->src/main/AndroidManifest.xml:6:5-66
11-->src/main/AndroidManifest.xml:6:22-64
12    <uses-permission android:name="android.permission.WRITE_EXTERNAL_STORAGE" />
12-->[:feature_profile] AndroidManifest.xml:9:5-81
12-->[:feature_profile] AndroidManifest.xml:9:22-78
13    <uses-permission android:name="android.permission.READ_CONTACTS" />
13-->[:contact_picker] AndroidManifest.xml:9:5-72
13-->[:contact_picker] AndroidManifest.xml:9:22-69
14    <uses-permission android:name="android.permission.CAMERA" />
14-->[:media_picker] AndroidManifest.xml:9:5-65
14-->[:media_picker] AndroidManifest.xml:9:22-62
15    <uses-permission android:name="android.permission.READ_EXTERNAL_STORAGE" />
15-->[:media_picker] AndroidManifest.xml:11:5-80
15-->[:media_picker] AndroidManifest.xml:11:22-77
16
17    <application
17-->src/main/AndroidManifest.xml:8:5-31:19
18        android:name="com.example.splityourbillsandroid.SplitYourBillsApplication"
18-->src/main/AndroidManifest.xml:9:9-50
19        android:allowBackup="true"
19-->src/main/AndroidManifest.xml:10:9-35
20        android:appComponentFactory="androidx.core.app.CoreComponentFactory"
20-->[androidx.core:core:1.8.0] AndroidManifest.xml:24:18-86
21        android:dataExtractionRules="@xml/data_extraction_rules"
21-->src/main/AndroidManifest.xml:11:9-65
22        android:debuggable="true"
23        android:extractNativeLibs="false"
24        android:fullBackupContent="@xml/backup_rules"
24-->src/main/AndroidManifest.xml:12:9-54
25        android:icon="@mipmap/ic_launcher"
25-->src/main/AndroidManifest.xml:13:9-43
26        android:label="@string/app_name"
26-->src/main/AndroidManifest.xml:14:9-41
27        android:roundIcon="@mipmap/ic_launcher_round"
27-->src/main/AndroidManifest.xml:15:9-54
28        android:supportsRtl="true"
28-->src/main/AndroidManifest.xml:16:9-35
29        android:theme="@style/Theme.SplitYourBillsAndroid"
29-->src/main/AndroidManifest.xml:17:9-59
30        android:usesCleartextTraffic="true" >
30-->src/main/AndroidManifest.xml:18:9-44
31        <activity
31-->src/main/AndroidManifest.xml:20:9-30:20
32            android:name="com.example.splityourbillsandroid.MainActivity"
32-->src/main/AndroidManifest.xml:21:13-41
33            android:exported="true"
33-->src/main/AndroidManifest.xml:22:13-36
34            android:label="@string/app_name"
34-->src/main/AndroidManifest.xml:23:13-45
35            android:theme="@style/Theme.SplitYourBillsAndroid" >
35-->src/main/AndroidManifest.xml:24:13-63
36            <intent-filter>
36-->src/main/AndroidManifest.xml:25:13-29:29
37                <action android:name="android.intent.action.MAIN" />
37-->src/main/AndroidManifest.xml:26:17-69
37-->src/main/AndroidManifest.xml:26:25-66
38
39                <category android:name="android.intent.category.LAUNCHER" />
39-->src/main/AndroidManifest.xml:28:17-77
39-->src/main/AndroidManifest.xml:28:27-74
40            </intent-filter>
41        </activity>
42
43        <provider
43-->[androidx.emoji2:emoji2:1.0.0] AndroidManifest.xml:26:9-34:20
44            android:name="androidx.startup.InitializationProvider"
44-->[androidx.emoji2:emoji2:1.0.0] AndroidManifest.xml:27:13-67
45            android:authorities="com.example.splityourbillsandroid.androidx-startup"
45-->[androidx.emoji2:emoji2:1.0.0] AndroidManifest.xml:28:13-68
46            android:exported="false" >
46-->[androidx.emoji2:emoji2:1.0.0] AndroidManifest.xml:29:13-37
47            <meta-data
47-->[androidx.emoji2:emoji2:1.0.0] AndroidManifest.xml:31:13-33:52
48                android:name="androidx.emoji2.text.EmojiCompatInitializer"
48-->[androidx.emoji2:emoji2:1.0.0] AndroidManifest.xml:32:17-75
49                android:value="androidx.startup" />
49-->[androidx.emoji2:emoji2:1.0.0] AndroidManifest.xml:33:17-49
50            <meta-data
50-->[androidx.lifecycle:lifecycle-process:2.4.0] AndroidManifest.xml:31:13-33:52
51                android:name="androidx.lifecycle.ProcessLifecycleInitializer"
51-->[androidx.lifecycle:lifecycle-process:2.4.0] AndroidManifest.xml:32:17-78
52                android:value="androidx.startup" />
52-->[androidx.lifecycle:lifecycle-process:2.4.0] AndroidManifest.xml:33:17-49
53            <meta-data
53-->[androidx.profileinstaller:profileinstaller:1.2.0-beta02] AndroidManifest.xml:30:13-32:52
54                android:name="androidx.profileinstaller.ProfileInstallerInitializer"
54-->[androidx.profileinstaller:profileinstaller:1.2.0-beta02] AndroidManifest.xml:31:17-85
55                android:value="androidx.startup" />
55-->[androidx.profileinstaller:profileinstaller:1.2.0-beta02] AndroidManifest.xml:32:17-49
56        </provider>
57
58        <receiver
58-->[androidx.profileinstaller:profileinstaller:1.2.0-beta02] AndroidManifest.xml:35:9-47:20
59            android:name="androidx.profileinstaller.ProfileInstallReceiver"
59-->[androidx.profileinstaller:profileinstaller:1.2.0-beta02] AndroidManifest.xml:36:13-76
60            android:directBootAware="false"
60-->[androidx.profileinstaller:profileinstaller:1.2.0-beta02] AndroidManifest.xml:37:13-44
61            android:enabled="true"
61-->[androidx.profileinstaller:profileinstaller:1.2.0-beta02] AndroidManifest.xml:38:13-35
62            android:exported="true"
62-->[androidx.profileinstaller:profileinstaller:1.2.0-beta02] AndroidManifest.xml:39:13-36
63            android:permission="android.permission.DUMP" >
63-->[androidx.profileinstaller:profileinstaller:1.2.0-beta02] AndroidManifest.xml:40:13-57
64            <intent-filter>
64-->[androidx.profileinstaller:profileinstaller:1.2.0-beta02] AndroidManifest.xml:41:13-43:29
65                <action android:name="androidx.profileinstaller.action.INSTALL_PROFILE" />
65-->[androidx.profileinstaller:profileinstaller:1.2.0-beta02] AndroidManifest.xml:42:17-91
65-->[androidx.profileinstaller:profileinstaller:1.2.0-beta02] AndroidManifest.xml:42:25-88
66            </intent-filter>
67            <intent-filter>
67-->[androidx.profileinstaller:profileinstaller:1.2.0-beta02] AndroidManifest.xml:44:13-46:29
68                <action android:name="androidx.profileinstaller.action.SKIP_FILE" />
68-->[androidx.profileinstaller:profileinstaller:1.2.0-beta02] AndroidManifest.xml:45:17-85
68-->[androidx.profileinstaller:profileinstaller:1.2.0-beta02] AndroidManifest.xml:45:25-82
69            </intent-filter>
70        </receiver>
71    </application>
72
73</manifest>